<?xml version="1.0" encoding="UTF-8"?>
<testsuite name="CashbackHackServiceTest" tests="1" skipped="0" failures="0" errors="0" timestamp="2023-06-15T20:37:42" hostname="DESKTOP-05IG4RJ" time="0.016">
  <properties/>
  <testcase name="calcCashbackTest" classname="CashbackHackServiceTest" time="0.016"/>
  <system-out><![CDATA[]]></system-out>
  <system-err><![CDATA[]]></system-err>
</testsuite>
